This is pdfTeX, Version 3.1415926-2.4-1.40.13 (TeX Live 2012/Debian) (format=pdflatex 2013.4.9)  27 APR 2013 16:30
entering extended mode
 restricted \write18 enabled.
 %&-line parsing enabled.
**report.tex
(./report.tex
LaTeX2e <2011/06/27>
Babel <v3.8m> and hyphenation patterns for english, dumylang, nohyphenation, fr
ench, basque, loaded.
(/usr/share/texlive/texmf-dist/tex/latex/base/article.cls
Document Class: article 2007/10/19 v1.4h Standard LaTeX document class
(/usr/share/texlive/texmf-dist/tex/latex/base/size12.clo
File: size12.clo 2007/10/19 v1.4h Standard LaTeX file (size option)
)
\c@part=\count79
\c@section=\count80
\c@subsection=\count81
\c@subsubsection=\count82
\c@paragraph=\count83
\c@subparagraph=\count84
\c@figure=\count85
\c@table=\count86
\abovecaptionskip=\skip41
\belowcaptionskip=\skip42
\bibindent=\dimen102
)
(/usr/share/texlive/texmf-dist/tex/latex/geometry/geometry.sty
Package: geometry 2010/09/12 v5.6 Page Geometry

(/usr/share/texlive/texmf-dist/tex/latex/graphics/keyval.sty
Package: keyval 1999/03/16 v1.13 key=value parser (DPC)
\KV@toks@=\toks14
)
(/usr/share/texlive/texmf-dist/tex/generic/oberdiek/ifpdf.sty
Package: ifpdf 2011/01/30 v2.3 Provides the ifpdf switch (HO)
Package ifpdf Info: pdfTeX in PDF mode is detected.
)
(/usr/share/texlive/texmf-dist/tex/generic/oberdiek/ifvtex.sty
Package: ifvtex 2010/03/01 v1.5 Detect VTeX and its facilities (HO)
Package ifvtex Info: VTeX not detected.
)
(/usr/share/texlive/texmf-dist/tex/generic/ifxetex/ifxetex.sty
Package: ifxetex 2010/09/12 v0.6 Provides ifxetex conditional
)
\Gm@cnth=\count87
\Gm@cntv=\count88
\c@Gm@tempcnt=\count89
\Gm@bindingoffset=\dimen103
\Gm@wd@mp=\dimen104
\Gm@odd@mp=\dimen105
\Gm@even@mp=\dimen106
\Gm@layoutwidth=\dimen107
\Gm@layoutheight=\dimen108
\Gm@layouthoffset=\dimen109
\Gm@layoutvoffset=\dimen110
\Gm@dimlist=\toks15
)
(/usr/share/texlive/texmf-dist/tex/latex/amsmath/amsmath.sty
Package: amsmath 2000/07/18 v2.13 AMS math features
\@mathmargin=\skip43

For additional information on amsmath, use the `?' option.
(/usr/share/texlive/texmf-dist/tex/latex/amsmath/amstext.sty
Package: amstext 2000/06/29 v2.01

(/usr/share/texlive/texmf-dist/tex/latex/amsmath/amsgen.sty
File: amsgen.sty 1999/11/30 v2.0
\@emptytoks=\toks16
\ex@=\dimen111
))
(/usr/share/texlive/texmf-dist/tex/latex/amsmath/amsbsy.sty
Package: amsbsy 1999/11/29 v1.2d
\pmbraise@=\dimen112
)
(/usr/share/texlive/texmf-dist/tex/latex/amsmath/amsopn.sty
Package: amsopn 1999/12/14 v2.01 operator names
)
\inf@bad=\count90
LaTeX Info: Redefining \frac on input line 211.
\uproot@=\count91
\leftroot@=\count92
LaTeX Info: Redefining \overline on input line 307.
\classnum@=\count93
\DOTSCASE@=\count94
LaTeX Info: Redefining \ldots on input line 379.
LaTeX Info: Redefining \dots on input line 382.
LaTeX Info: Redefining \cdots on input line 467.
\Mathstrutbox@=\box26
\strutbox@=\box27
\big@size=\dimen113
LaTeX Font Info:    Redeclaring font encoding OML on input line 567.
LaTeX Font Info:    Redeclaring font encoding OMS on input line 568.
\macc@depth=\count95
\c@MaxMatrixCols=\count96
\dotsspace@=\muskip10
\c@parentequation=\count97
\dspbrk@lvl=\count98
\tag@help=\toks17
\row@=\count99
\column@=\count100
\maxfields@=\count101
\andhelp@=\toks18
\eqnshift@=\dimen114
\alignsep@=\dimen115
\tagshift@=\dimen116
\tagwidth@=\dimen117
\totwidth@=\dimen118
\lineht@=\dimen119
\@envbody=\toks19
\multlinegap=\skip44
\multlinetaggap=\skip45
\mathdisplay@stack=\toks20
LaTeX Info: Redefining \[ on input line 2666.
LaTeX Info: Redefining \] on input line 2667.
)
(/usr/share/texlive/texmf-dist/tex/latex/graphics/graphicx.sty
Package: graphicx 1999/02/16 v1.0f Enhanced LaTeX Graphics (DPC,SPQR)

(/usr/share/texlive/texmf-dist/tex/latex/graphics/graphics.sty
Package: graphics 2009/02/05 v1.0o Standard LaTeX Graphics (DPC,SPQR)

(/usr/share/texlive/texmf-dist/tex/latex/graphics/trig.sty
Package: trig 1999/03/16 v1.09 sin cos tan (DPC)
)
(/usr/share/texlive/texmf-dist/tex/latex/latexconfig/graphics.cfg
File: graphics.cfg 2010/04/23 v1.9 graphics configuration of TeX Live
)
Package graphics Info: Driver file: pdftex.def on input line 91.

(/usr/share/texlive/texmf-dist/tex/latex/pdftex-def/pdftex.def
File: pdftex.def 2011/05/27 v0.06d Graphics/color for pdfTeX

(/usr/share/texlive/texmf-dist/tex/generic/oberdiek/infwarerr.sty
Package: infwarerr 2010/04/08 v1.3 Providing info/warning/error messages (HO)
)
(/usr/share/texlive/texmf-dist/tex/generic/oberdiek/ltxcmds.sty
Package: ltxcmds 2011/11/09 v1.22 LaTeX kernel commands for general use (HO)
)
\Gread@gobject=\count102
))
\Gin@req@height=\dimen120
\Gin@req@width=\dimen121
)
(/usr/share/texlive/texmf-dist/tex/latex/subfig/subfig.sty
Package: subfig 2005/06/28 ver: 1.3 subfig package

(/usr/share/texlive/texmf-dist/tex/latex/caption/caption.sty
Package: caption 2012/02/19 v3.2f Customizing captions (AR)

(/usr/share/texlive/texmf-dist/tex/latex/caption/caption3.sty
Package: caption3 2012/01/12 v1.4b caption3 kernel (AR)
\captionmargin=\dimen122
\captionmargin@=\dimen123
\captionwidth=\dimen124
\caption@indent=\dimen125
\caption@parindent=\dimen126
\caption@hangindent=\dimen127
)
\c@ContinuedFloat=\count103
)
\c@KVtest=\count104
\sf@farskip=\skip46
\sf@captopadj=\dimen128
\sf@capskip=\skip47
\sf@nearskip=\skip48
\c@subfigure=\count105
\c@subfigure@save=\count106
\c@lofdepth=\count107
\c@subtable=\count108
\c@subtable@save=\count109
\c@lotdepth=\count110
\sf@top=\skip49
\sf@bottom=\skip50
)
(/usr/share/texlive/texmf-dist/tex/latex/float/float.sty
Package: float 2001/11/08 v1.3d Float enhancements (AL)
\c@float@type=\count111
\float@exts=\toks21
\float@box=\box28
\@float@everytoks=\toks22
\@floatcapt=\box29
) (./report.aux)
\openout1 = `report.aux'.

LaTeX Font Info:    Checking defaults for OML/cmm/m/it on input line 16.
LaTeX Font Info:    ... okay on input line 16.
LaTeX Font Info:    Checking defaults for T1/cmr/m/n on input line 16.
LaTeX Font Info:    ... okay on input line 16.
LaTeX Font Info:    Checking defaults for OT1/cmr/m/n on input line 16.
LaTeX Font Info:    ... okay on input line 16.
LaTeX Font Info:    Checking defaults for OMS/cmsy/m/n on input line 16.
LaTeX Font Info:    ... okay on input line 16.
LaTeX Font Info:    Checking defaults for OMX/cmex/m/n on input line 16.
LaTeX Font Info:    ... okay on input line 16.
LaTeX Font Info:    Checking defaults for U/cmr/m/n on input line 16.
LaTeX Font Info:    ... okay on input line 16.

*geometry* driver: auto-detecting
*geometry* detected driver: pdftex
*geometry* verbose mode - [ preamble ] result:
* driver: pdftex
* paper: a4paper
* layout: <same size as paper>
* layoutoffset:(h,v)=(0.0pt,0.0pt)
* modes: 
* h-part:(L,W,R)=(56.9055pt, 483.69687pt, 56.9055pt)
* v-part:(T,H,B)=(56.9055pt, 731.23584pt, 56.9055pt)
* \paperwidth=597.50787pt
* \paperheight=845.04684pt
* \textwidth=483.69687pt
* \textheight=731.23584pt
* \oddsidemargin=-15.36449pt
* \evensidemargin=-15.36449pt
* \topmargin=-52.36449pt
* \headheight=12.0pt
* \headsep=25.0pt
* \topskip=12.0pt
* \footskip=30.0pt
* \marginparwidth=35.0pt
* \marginparsep=10.0pt
* \columnsep=10.0pt
* \skip\footins=10.8pt plus 4.0pt minus 2.0pt
* \hoffset=0.0pt
* \voffset=0.0pt
* \mag=1000
* \@twocolumnfalse
* \@twosidefalse
* \@mparswitchfalse
* \@reversemarginfalse
* (1in=72.27pt=25.4mm, 1cm=28.453pt)

(/usr/share/texlive/texmf-dist/tex/context/base/supp-pdf.mkii
[Loading MPS to PDF converter (version 2006.09.02).]
\scratchcounter=\count112
\scratchdimen=\dimen129
\scratchbox=\box30
\nofMPsegments=\count113
\nofMParguments=\count114
\everyMPshowfont=\toks23
\MPscratchCnt=\count115
\MPscratchDim=\dimen130
\MPnumerator=\count116
\makeMPintoPDFobject=\count117
\everyMPtoPDFconversion=\toks24
) (/usr/share/texlive/texmf-dist/tex/generic/oberdiek/pdftexcmds.sty
Package: pdftexcmds 2011/11/29 v0.20 Utility functions of pdfTeX for LuaTeX (HO
)

(/usr/share/texlive/texmf-dist/tex/generic/oberdiek/ifluatex.sty
Package: ifluatex 2010/03/01 v1.3 Provides the ifluatex switch (HO)
Package ifluatex Info: LuaTeX not detected.
)
Package pdftexcmds Info: LuaTeX not detected.
Package pdftexcmds Info: \pdf@primitive is available.
Package pdftexcmds Info: \pdf@ifprimitive is available.
Package pdftexcmds Info: \pdfdraftmode found.
)
(/usr/share/texlive/texmf-dist/tex/latex/oberdiek/epstopdf-base.sty
Package: epstopdf-base 2010/02/09 v2.5 Base part for package epstopdf

(/usr/share/texlive/texmf-dist/tex/latex/oberdiek/grfext.sty
Package: grfext 2010/08/19 v1.1 Manage graphics extensions (HO)

(/usr/share/texlive/texmf-dist/tex/generic/oberdiek/kvdefinekeys.sty
Package: kvdefinekeys 2011/04/07 v1.3 Define keys (HO)
))
(/usr/share/texlive/texmf-dist/tex/latex/oberdiek/kvoptions.sty
Package: kvoptions 2011/06/30 v3.11 Key value format for package options (HO)

(/usr/share/texlive/texmf-dist/tex/generic/oberdiek/kvsetkeys.sty
Package: kvsetkeys 2012/04/25 v1.16 Key value parser (HO)

(/usr/share/texlive/texmf-dist/tex/generic/oberdiek/etexcmds.sty
Package: etexcmds 2011/02/16 v1.5 Avoid name clashes with e-TeX commands (HO)
Package etexcmds Info: Could not find \expanded.
(etexcmds)             That can mean that you are not using pdfTeX 1.50 or
(etexcmds)             that some package has redefined \expanded.
(etexcmds)             In the latter case, load this package earlier.
)))
Package grfext Info: Graphics extension search list:
(grfext)             [.png,.pdf,.jpg,.mps,.jpeg,.jbig2,.jb2,.PNG,.PDF,.JPG,.JPE
G,.JBIG2,.JB2,.eps]
(grfext)             \AppendGraphicsExtensions on input line 452.

(/usr/share/texlive/texmf-dist/tex/latex/latexconfig/epstopdf-sys.cfg
File: epstopdf-sys.cfg 2010/07/13 v1.3 Configuration of (r)epstopdf for TeX Liv
e
))
Package caption Info: Begin \AtBeginDocument code.
Package caption Info: subfig package v1.3 is loaded.
Package caption Info: float package is loaded.
Package caption Info: End \AtBeginDocument code.

[1

{/var/lib/texmf/fonts/map/pdftex/updmap/pdftex.map}]
<images/0.png, id=9, 586.8324pt x 442.2924pt>
File: images/0.png Graphic file (type png)
 <use images/0.png>
Package pdftex.def Info: images/0.png used on input line 29.
(pdftex.def)             Requested size: 341.43306pt x 257.33963pt.

<images/0pvs.png, id=11, 586.8324pt x 442.2924pt>
File: images/0pvs.png Graphic file (type png)
 <use images/0pvs.png>
Package pdftex.def Info: images/0pvs.png used on input line 30.
(pdftex.def)             Requested size: 341.43306pt x 257.33963pt.

<images/1.png, id=12, 586.8324pt x 442.2924pt>
File: images/1.png Graphic file (type png)
 <use images/1.png>
Package pdftex.def Info: images/1.png used on input line 36.
(pdftex.def)             Requested size: 341.43306pt x 257.33963pt.

<images/1pvs.png, id=13, 586.8324pt x 442.2924pt>
File: images/1pvs.png Graphic file (type png)
 <use images/1pvs.png>
Package pdftex.def Info: images/1pvs.png used on input line 37.
(pdftex.def)             Requested size: 341.43306pt x 257.33963pt.

[1 <./images/0.png> <./images/0pvs.png>]
<images/2.png, id=21, 586.8324pt x 442.2924pt>
File: images/2.png Graphic file (type png)
 <use images/2.png>
Package pdftex.def Info: images/2.png used on input line 43.
(pdftex.def)             Requested size: 341.43306pt x 257.33963pt.

<images/2pvs.png, id=22, 586.8324pt x 442.2924pt>
File: images/2pvs.png Graphic file (type png)
 <use images/2pvs.png>
Package pdftex.def Info: images/2pvs.png used on input line 44.
(pdftex.def)             Requested size: 341.43306pt x 257.33963pt.

[2 <./images/1.png> <./images/1pvs.png>]
<images/3.png, id=28, 586.8324pt x 442.2924pt>
File: images/3.png Graphic file (type png)
 <use images/3.png>
Package pdftex.def Info: images/3.png used on input line 50.
(pdftex.def)             Requested size: 341.43306pt x 257.33963pt.

<images/3pvs.png, id=29, 586.8324pt x 442.2924pt>
File: images/3pvs.png Graphic file (type png)
 <use images/3pvs.png>
Package pdftex.def Info: images/3pvs.png used on input line 51.
(pdftex.def)             Requested size: 341.43306pt x 257.33963pt.

[3 <./images/2.png> <./images/2pvs.png>]
<images/4.png, id=35, 586.8324pt x 442.2924pt>
File: images/4.png Graphic file (type png)
 <use images/4.png>
Package pdftex.def Info: images/4.png used on input line 57.
(pdftex.def)             Requested size: 341.43306pt x 257.33963pt.

<images/4pvs.png, id=36, 586.8324pt x 442.2924pt>
File: images/4pvs.png Graphic file (type png)
 <use images/4pvs.png>
Package pdftex.def Info: images/4pvs.png used on input line 58.
(pdftex.def)             Requested size: 341.43306pt x 257.33963pt.

[4 <./images/3.png> <./images/3pvs.png>]
<images/5.png, id=42, 586.8324pt x 442.2924pt>
File: images/5.png Graphic file (type png)
 <use images/5.png>
Package pdftex.def Info: images/5.png used on input line 64.
(pdftex.def)             Requested size: 341.43306pt x 257.33963pt.

<images/5pvs.png, id=43, 586.8324pt x 442.2924pt>
File: images/5pvs.png Graphic file (type png)
 <use images/5pvs.png>
Package pdftex.def Info: images/5pvs.png used on input line 65.
(pdftex.def)             Requested size: 341.43306pt x 257.33963pt.

[5 <./images/4.png> <./images/4pvs.png>]
<images/6.png, id=49, 586.8324pt x 442.2924pt>
File: images/6.png Graphic file (type png)
 <use images/6.png>
Package pdftex.def Info: images/6.png used on input line 71.
(pdftex.def)             Requested size: 341.43306pt x 257.33963pt.

<images/6pvs.png, id=50, 586.8324pt x 442.2924pt>
File: images/6pvs.png Graphic file (type png)
 <use images/6pvs.png>
Package pdftex.def Info: images/6pvs.png used on input line 72.
(pdftex.def)             Requested size: 341.43306pt x 257.33963pt.

[6 <./images/5.png> <./images/5pvs.png>]
<images/7.png, id=57, 586.8324pt x 442.2924pt>
File: images/7.png Graphic file (type png)
 <use images/7.png>
Package pdftex.def Info: images/7.png used on input line 78.
(pdftex.def)             Requested size: 341.43306pt x 257.33963pt.

<images/7pvs.png, id=58, 586.8324pt x 442.2924pt>
File: images/7pvs.png Graphic file (type png)
 <use images/7pvs.png>
Package pdftex.def Info: images/7pvs.png used on input line 79.
(pdftex.def)             Requested size: 341.43306pt x 257.33963pt.

[7 <./images/6.png> <./images/6pvs.png>]
<images/8.png, id=64, 586.8324pt x 442.2924pt>
File: images/8.png Graphic file (type png)
 <use images/8.png>
Package pdftex.def Info: images/8.png used on input line 85.
(pdftex.def)             Requested size: 341.43306pt x 257.33963pt.

<images/8pvs.png, id=65, 586.8324pt x 442.2924pt>
File: images/8pvs.png Graphic file (type png)
 <use images/8pvs.png>
Package pdftex.def Info: images/8pvs.png used on input line 86.
(pdftex.def)             Requested size: 341.43306pt x 257.33963pt.

[8 <./images/7.png> <./images/7pvs.png>]
<images/9.png, id=71, 586.8324pt x 442.2924pt>
File: images/9.png Graphic file (type png)
 <use images/9.png>
Package pdftex.def Info: images/9.png used on input line 93.
(pdftex.def)             Requested size: 341.43306pt x 257.33963pt.

<images/9pvs.png, id=72, 586.8324pt x 442.2924pt>
File: images/9pvs.png Graphic file (type png)
 <use images/9pvs.png>
Package pdftex.def Info: images/9pvs.png used on input line 94.
(pdftex.def)             Requested size: 341.43306pt x 257.33963pt.

[9 <./images/8.png> <./images/8pvs.png>] [10 <./images/9.png> <./images/9pvs.pn
g>] <images/denoising.png, id=87, 1248.8256pt x 760.2804pt>
File: images/denoising.png Graphic file (type png)

<use images/denoising.png>
Package pdftex.def Info: images/denoising.png used on input line 119.
(pdftex.def)             Requested size: 569.05511pt x 346.43857pt.

Overfull \hbox (85.35825pt too wide) in paragraph at lines 119--120
[][] 
 []

<images/boxplot.png, id=88, 586.8324pt x 442.2924pt>
File: images/boxplot.png Graphic file (type png)
 <use images/boxplot.png>
Package pdftex.def Info: images/boxplot.png used on input line 127.
(pdftex.def)             Requested size: 483.69684pt x 364.56503pt.

[11 <./images/denoising.png>]
<images/flatroll.png, id=93, 586.8324pt x 442.2924pt>
File: images/flatroll.png Graphic file (type png)

<use images/flatroll.png>
Package pdftex.def Info: images/flatroll.png used on input line 141.
(pdftex.def)             Requested size: 483.69684pt x 364.56503pt.
 [12 <./images/boxplot.png>]
<images/swissroll.png, id=99, 586.8324pt x 442.2924pt>
File: images/swissroll.png Graphic file (type png)

<use images/swissroll.png>
Package pdftex.def Info: images/swissroll.png used on input line 148.
(pdftex.def)             Requested size: 483.69684pt x 364.56503pt.
 [13 <./images/flatroll.png>]
<images/fishbowl.png, id=104, 586.8324pt x 442.2924pt>
File: images/fishbowl.png Graphic file (type png)

<use images/fishbowl.png>
Package pdftex.def Info: images/fishbowl.png used on input line 157.
(pdftex.def)             Requested size: 483.69684pt x 364.56503pt.
 [14 <./images/swissroll.png>]
<images/noisyFlatroll.png, id=109, 586.8324pt x 442.2924pt>
File: images/noisyFlatroll.png Graphic file (type png)

<use images/noisyFlatroll.png>
Package pdftex.def Info: images/noisyFlatroll.png used on input line 179.
(pdftex.def)             Requested size: 483.69684pt x 364.56503pt.
 [15 <./images/fishbowl.png>] [16 <./images/noisyFlatroll.png>] (./report.aux) 
) 
Here is how much of TeX's memory you used:
 3937 strings out of 495030
 58708 string characters out of 3180762
 124459 words of memory out of 3000000
 7070 multiletter control sequences out of 15000+200000
 10280 words of font info for 37 fonts, out of 3000000 for 9000
 14 hyphenation exceptions out of 8191
 44i,9n,46p,410b,380s stack positions out of 5000i,500n,10000p,200000b,50000s
</usr/share/texlive/texmf-dist/fonts/type1/public/amsfonts/cm/cmbx12.pfb></usr
/share/texlive/texmf-dist/fonts/type1/public/amsfonts/cm/cmmi12.pfb></usr/share
/texlive/texmf-dist/fonts/type1/public/amsfonts/cm/cmmi8.pfb></usr/share/texliv
e/texmf-dist/fonts/type1/public/amsfonts/cm/cmr10.pfb></usr/share/texlive/texmf
-dist/fonts/type1/public/amsfonts/cm/cmr12.pfb></usr/share/texlive/texmf-dist/f
onts/type1/public/amsfonts/cm/cmr17.pfb></usr/share/texlive/texmf-dist/fonts/ty
pe1/public/amsfonts/cm/cmr8.pfb></usr/share/texlive/texmf-dist/fonts/type1/publ
ic/amsfonts/cm/cmsy10.pfb></usr/share/texlive/texmf-dist/fonts/type1/public/ams
fonts/cm/cmti12.pfb>
Output written on report.pdf (17 pages, 5985832 bytes).
PDF statistics:
 148 PDF objects out of 1000 (max. 8388607)
 67 compressed objects within 1 object stream
 0 named destinations out of 1000 (max. 500000)
 131 words of extra memory for PDF output out of 10000 (max. 10000000)

