This is pdfTeX, Version 3.1415926-2.4-1.40.13 (TeX Live 2012/Debian) (format=pdflatex 2013.4.9)  23 MAY 2013 23:49
entering extended mode
 restricted \write18 enabled.
 %&-line parsing enabled.
**report.tex
(./report.tex
LaTeX2e <2011/06/27>
Babel <v3.8m> and hyphenation patterns for english, dumylang, nohyphenation, fr
ench, basque, loaded.
(/usr/share/texlive/texmf-dist/tex/latex/base/article.cls
Document Class: article 2007/10/19 v1.4h Standard LaTeX document class
(/usr/share/texlive/texmf-dist/tex/latex/base/size12.clo
File: size12.clo 2007/10/19 v1.4h Standard LaTeX file (size option)
)
\c@part=\count79
\c@section=\count80
\c@subsection=\count81
\c@subsubsection=\count82
\c@paragraph=\count83
\c@subparagraph=\count84
\c@figure=\count85
\c@table=\count86
\abovecaptionskip=\skip41
\belowcaptionskip=\skip42
\bibindent=\dimen102
)
(/usr/share/texlive/texmf-dist/tex/latex/geometry/geometry.sty
Package: geometry 2010/09/12 v5.6 Page Geometry

(/usr/share/texlive/texmf-dist/tex/latex/graphics/keyval.sty
Package: keyval 1999/03/16 v1.13 key=value parser (DPC)
\KV@toks@=\toks14
)
(/usr/share/texlive/texmf-dist/tex/generic/oberdiek/ifpdf.sty
Package: ifpdf 2011/01/30 v2.3 Provides the ifpdf switch (HO)
Package ifpdf Info: pdfTeX in PDF mode is detected.
)
(/usr/share/texlive/texmf-dist/tex/generic/oberdiek/ifvtex.sty
Package: ifvtex 2010/03/01 v1.5 Detect VTeX and its facilities (HO)
Package ifvtex Info: VTeX not detected.
)
(/usr/share/texlive/texmf-dist/tex/generic/ifxetex/ifxetex.sty
Package: ifxetex 2010/09/12 v0.6 Provides ifxetex conditional
)
\Gm@cnth=\count87
\Gm@cntv=\count88
\c@Gm@tempcnt=\count89
\Gm@bindingoffset=\dimen103
\Gm@wd@mp=\dimen104
\Gm@odd@mp=\dimen105
\Gm@even@mp=\dimen106
\Gm@layoutwidth=\dimen107
\Gm@layoutheight=\dimen108
\Gm@layouthoffset=\dimen109
\Gm@layoutvoffset=\dimen110
\Gm@dimlist=\toks15
)
(/usr/share/texlive/texmf-dist/tex/latex/amsmath/amsmath.sty
Package: amsmath 2000/07/18 v2.13 AMS math features
\@mathmargin=\skip43

For additional information on amsmath, use the `?' option.
(/usr/share/texlive/texmf-dist/tex/latex/amsmath/amstext.sty
Package: amstext 2000/06/29 v2.01

(/usr/share/texlive/texmf-dist/tex/latex/amsmath/amsgen.sty
File: amsgen.sty 1999/11/30 v2.0
\@emptytoks=\toks16
\ex@=\dimen111
))
(/usr/share/texlive/texmf-dist/tex/latex/amsmath/amsbsy.sty
Package: amsbsy 1999/11/29 v1.2d
\pmbraise@=\dimen112
)
(/usr/share/texlive/texmf-dist/tex/latex/amsmath/amsopn.sty
Package: amsopn 1999/12/14 v2.01 operator names
)
\inf@bad=\count90
LaTeX Info: Redefining \frac on input line 211.
\uproot@=\count91
\leftroot@=\count92
LaTeX Info: Redefining \overline on input line 307.
\classnum@=\count93
\DOTSCASE@=\count94
LaTeX Info: Redefining \ldots on input line 379.
LaTeX Info: Redefining \dots on input line 382.
LaTeX Info: Redefining \cdots on input line 467.
\Mathstrutbox@=\box26
\strutbox@=\box27
\big@size=\dimen113
LaTeX Font Info:    Redeclaring font encoding OML on input line 567.
LaTeX Font Info:    Redeclaring font encoding OMS on input line 568.
\macc@depth=\count95
\c@MaxMatrixCols=\count96
\dotsspace@=\muskip10
\c@parentequation=\count97
\dspbrk@lvl=\count98
\tag@help=\toks17
\row@=\count99
\column@=\count100
\maxfields@=\count101
\andhelp@=\toks18
\eqnshift@=\dimen114
\alignsep@=\dimen115
\tagshift@=\dimen116
\tagwidth@=\dimen117
\totwidth@=\dimen118
\lineht@=\dimen119
\@envbody=\toks19
\multlinegap=\skip44
\multlinetaggap=\skip45
\mathdisplay@stack=\toks20
LaTeX Info: Redefining \[ on input line 2666.
LaTeX Info: Redefining \] on input line 2667.
)
(/usr/share/texlive/texmf-dist/tex/latex/bbm-macros/bbm.sty
Package: bbm 1999/03/15 V 1.2 provides fonts for set symbols - TH
LaTeX Font Info:    Overwriting math alphabet `\mathbbm' in version `bold'
(Font)                  U/bbm/m/n --> U/bbm/bx/n on input line 33.
LaTeX Font Info:    Overwriting math alphabet `\mathbbmss' in version `bold'
(Font)                  U/bbmss/m/n --> U/bbmss/bx/n on input line 35.
)
(/usr/share/texlive/texmf-dist/tex/latex/graphics/graphicx.sty
Package: graphicx 1999/02/16 v1.0f Enhanced LaTeX Graphics (DPC,SPQR)

(/usr/share/texlive/texmf-dist/tex/latex/graphics/graphics.sty
Package: graphics 2009/02/05 v1.0o Standard LaTeX Graphics (DPC,SPQR)

(/usr/share/texlive/texmf-dist/tex/latex/graphics/trig.sty
Package: trig 1999/03/16 v1.09 sin cos tan (DPC)
)
(/usr/share/texlive/texmf-dist/tex/latex/latexconfig/graphics.cfg
File: graphics.cfg 2010/04/23 v1.9 graphics configuration of TeX Live
)
Package graphics Info: Driver file: pdftex.def on input line 91.

(/usr/share/texlive/texmf-dist/tex/latex/pdftex-def/pdftex.def
File: pdftex.def 2011/05/27 v0.06d Graphics/color for pdfTeX

(/usr/share/texlive/texmf-dist/tex/generic/oberdiek/infwarerr.sty
Package: infwarerr 2010/04/08 v1.3 Providing info/warning/error messages (HO)
)
(/usr/share/texlive/texmf-dist/tex/generic/oberdiek/ltxcmds.sty
Package: ltxcmds 2011/11/09 v1.22 LaTeX kernel commands for general use (HO)
)
\Gread@gobject=\count102
))
\Gin@req@height=\dimen120
\Gin@req@width=\dimen121
)
(/usr/share/texlive/texmf-dist/tex/latex/subfig/subfig.sty
Package: subfig 2005/06/28 ver: 1.3 subfig package

(/usr/share/texlive/texmf-dist/tex/latex/caption/caption.sty
Package: caption 2012/02/19 v3.2f Customizing captions (AR)

(/usr/share/texlive/texmf-dist/tex/latex/caption/caption3.sty
Package: caption3 2012/01/12 v1.4b caption3 kernel (AR)
\captionmargin=\dimen122
\captionmargin@=\dimen123
\captionwidth=\dimen124
\caption@indent=\dimen125
\caption@parindent=\dimen126
\caption@hangindent=\dimen127
)
\c@ContinuedFloat=\count103
)
\c@KVtest=\count104
\sf@farskip=\skip46
\sf@captopadj=\dimen128
\sf@capskip=\skip47
\sf@nearskip=\skip48
\c@subfigure=\count105
\c@subfigure@save=\count106
\c@lofdepth=\count107
\c@subtable=\count108
\c@subtable@save=\count109
\c@lotdepth=\count110
\sf@top=\skip49
\sf@bottom=\skip50
)
(/usr/share/texlive/texmf-dist/tex/latex/float/float.sty
Package: float 2001/11/08 v1.3d Float enhancements (AL)
\c@float@type=\count111
\float@exts=\toks21
\float@box=\box28
\@float@everytoks=\toks22
\@floatcapt=\box29
) (./report.aux)
\openout1 = `report.aux'.

LaTeX Font Info:    Checking defaults for OML/cmm/m/it on input line 18.
LaTeX Font Info:    ... okay on input line 18.
LaTeX Font Info:    Checking defaults for T1/cmr/m/n on input line 18.
LaTeX Font Info:    ... okay on input line 18.
LaTeX Font Info:    Checking defaults for OT1/cmr/m/n on input line 18.
LaTeX Font Info:    ... okay on input line 18.
LaTeX Font Info:    Checking defaults for OMS/cmsy/m/n on input line 18.
LaTeX Font Info:    ... okay on input line 18.
LaTeX Font Info:    Checking defaults for OMX/cmex/m/n on input line 18.
LaTeX Font Info:    ... okay on input line 18.
LaTeX Font Info:    Checking defaults for U/cmr/m/n on input line 18.
LaTeX Font Info:    ... okay on input line 18.

*geometry* driver: auto-detecting
*geometry* detected driver: pdftex
*geometry* verbose mode - [ preamble ] result:
* driver: pdftex
* paper: a4paper
* layout: <same size as paper>
* layoutoffset:(h,v)=(0.0pt,0.0pt)
* modes: 
* h-part:(L,W,R)=(56.9055pt, 483.69687pt, 56.9055pt)
* v-part:(T,H,B)=(56.9055pt, 731.23584pt, 56.9055pt)
* \paperwidth=597.50787pt
* \paperheight=845.04684pt
* \textwidth=483.69687pt
* \textheight=731.23584pt
* \oddsidemargin=-15.36449pt
* \evensidemargin=-15.36449pt
* \topmargin=-52.36449pt
* \headheight=12.0pt
* \headsep=25.0pt
* \topskip=12.0pt
* \footskip=30.0pt
* \marginparwidth=35.0pt
* \marginparsep=10.0pt
* \columnsep=10.0pt
* \skip\footins=10.8pt plus 4.0pt minus 2.0pt
* \hoffset=0.0pt
* \voffset=0.0pt
* \mag=1000
* \@twocolumnfalse
* \@twosidefalse
* \@mparswitchfalse
* \@reversemarginfalse
* (1in=72.27pt=25.4mm, 1cm=28.453pt)

(/usr/share/texlive/texmf-dist/tex/context/base/supp-pdf.mkii
[Loading MPS to PDF converter (version 2006.09.02).]
\scratchcounter=\count112
\scratchdimen=\dimen129
\scratchbox=\box30
\nofMPsegments=\count113
\nofMParguments=\count114
\everyMPshowfont=\toks23
\MPscratchCnt=\count115
\MPscratchDim=\dimen130
\MPnumerator=\count116
\makeMPintoPDFobject=\count117
\everyMPtoPDFconversion=\toks24
) (/usr/share/texlive/texmf-dist/tex/generic/oberdiek/pdftexcmds.sty
Package: pdftexcmds 2011/11/29 v0.20 Utility functions of pdfTeX for LuaTeX (HO
)

(/usr/share/texlive/texmf-dist/tex/generic/oberdiek/ifluatex.sty
Package: ifluatex 2010/03/01 v1.3 Provides the ifluatex switch (HO)
Package ifluatex Info: LuaTeX not detected.
)
Package pdftexcmds Info: LuaTeX not detected.
Package pdftexcmds Info: \pdf@primitive is available.
Package pdftexcmds Info: \pdf@ifprimitive is available.
Package pdftexcmds Info: \pdfdraftmode found.
)
(/usr/share/texlive/texmf-dist/tex/latex/oberdiek/epstopdf-base.sty
Package: epstopdf-base 2010/02/09 v2.5 Base part for package epstopdf

(/usr/share/texlive/texmf-dist/tex/latex/oberdiek/grfext.sty
Package: grfext 2010/08/19 v1.1 Manage graphics extensions (HO)

(/usr/share/texlive/texmf-dist/tex/generic/oberdiek/kvdefinekeys.sty
Package: kvdefinekeys 2011/04/07 v1.3 Define keys (HO)
))
(/usr/share/texlive/texmf-dist/tex/latex/oberdiek/kvoptions.sty
Package: kvoptions 2011/06/30 v3.11 Key value format for package options (HO)

(/usr/share/texlive/texmf-dist/tex/generic/oberdiek/kvsetkeys.sty
Package: kvsetkeys 2012/04/25 v1.16 Key value parser (HO)

(/usr/share/texlive/texmf-dist/tex/generic/oberdiek/etexcmds.sty
Package: etexcmds 2011/02/16 v1.5 Avoid name clashes with e-TeX commands (HO)
Package etexcmds Info: Could not find \expanded.
(etexcmds)             That can mean that you are not using pdfTeX 1.50 or
(etexcmds)             that some package has redefined \expanded.
(etexcmds)             In the latter case, load this package earlier.
)))
Package grfext Info: Graphics extension search list:
(grfext)             [.png,.pdf,.jpg,.mps,.jpeg,.jbig2,.jb2,.PNG,.PDF,.JPG,.JPE
G,.JBIG2,.JB2,.eps]
(grfext)             \AppendGraphicsExtensions on input line 452.

(/usr/share/texlive/texmf-dist/tex/latex/latexconfig/epstopdf-sys.cfg
File: epstopdf-sys.cfg 2010/07/13 v1.3 Configuration of (r)epstopdf for TeX Liv
e
))
Package caption Info: Begin \AtBeginDocument code.
Package caption Info: subfig package v1.3 is loaded.
Package caption Info: float package is loaded.
Package caption Info: End \AtBeginDocument code.

[1

{/var/lib/texmf/fonts/map/pdftex/updmap/pdftex.map}]

LaTeX Warning: Reference `part:appliation' on page 1 undefined on input line 35
.


Overfull \hbox (3.5112pt too wide) in paragraph at lines 41--47
\OT1/cmr/m/n/12 One prob-lem I en-coun-tered while im-ple-ment-ing the hi-er-ar
-chi-cal clus-ter-ing was that the \OT1/cmtt/m/n/12 mergeidx
 []


Overfull \hbox (10.59563pt too wide) in paragraph at lines 41--47
\OT1/cmr/m/n/12 re-turn value of \OT1/cmtt/m/n/12 kmeans[]agglo \OT1/cmr/m/n/12
 did not work prop-erly with the func-tion \OT1/cmtt/m/n/12 scipy.cluster.hiera
rchy
 []

LaTeX Font Info:    Try loading font information for U+bbm on input line 54.
(/usr/share/texlive/texmf-dist/tex/latex/bbm-macros/ubbm.fd
File: ubbm.fd 1999/03/15 V 1.2 Font definition for bbm font - TH
) [1]
<images/5gaussians.png, id=19, 586.8324pt x 442.2924pt>
File: images/5gaussians.png Graphic file (type png)

<use images/5gaussians.png>
Package pdftex.def Info: images/5gaussians.png used on input line 87.
(pdftex.def)             Requested size: 341.43306pt x 257.33963pt.
 [2 <./images/5gaussians.png>]
<images/km2.png, id=25, 586.8324pt x 442.2924pt>
File: images/km2.png Graphic file (type png)
 <use images/km2.png>
Package pdftex.def Info: images/km2.png used on input line 113.
(pdftex.def)             Requested size: 170.71652pt x 128.66644pt.

<images/em2.png, id=26, 586.8324pt x 442.2924pt>
File: images/em2.png Graphic file (type png)
 <use images/em2.png>
Package pdftex.def Info: images/em2.png used on input line 114.
(pdftex.def)             Requested size: 170.71652pt x 128.66644pt.

<images/em2km.png, id=27, 586.8324pt x 442.2924pt>
File: images/em2km.png Graphic file (type png)
 <use images/em2km.png>
Package pdftex.def Info: images/em2km.png used on input line 115.
(pdftex.def)             Requested size: 170.71652pt x 128.66644pt.

Overfull \hbox (28.4527pt too wide) in paragraph at lines 113--115
 [][][][] 
 []

<images/km4.png, id=28, 586.8324pt x 442.2924pt>
File: images/km4.png Graphic file (type png)
 <use images/km4.png>
Package pdftex.def Info: images/km4.png used on input line 116.
(pdftex.def)             Requested size: 170.71652pt x 128.66644pt.

<images/em4.png, id=29, 586.8324pt x 442.2924pt>
File: images/em4.png Graphic file (type png)
 <use images/em4.png>
Package pdftex.def Info: images/em4.png used on input line 117.
(pdftex.def)             Requested size: 170.71652pt x 128.66644pt.

<images/em4km.png, id=30, 586.8324pt x 442.2924pt>
File: images/em4km.png Graphic file (type png)
 <use images/em4km.png>
Package pdftex.def Info: images/em4km.png used on input line 118.
(pdftex.def)             Requested size: 170.71652pt x 128.66644pt.

Overfull \hbox (28.4527pt too wide) in paragraph at lines 116--118
 [][][][] 
 []

<images/km5.png, id=31, 586.8324pt x 442.2924pt>
File: images/km5.png Graphic file (type png)
 <use images/km5.png>
Package pdftex.def Info: images/km5.png used on input line 119.
(pdftex.def)             Requested size: 170.71652pt x 128.66644pt.

<images/em5.png, id=32, 586.8324pt x 442.2924pt>
File: images/em5.png Graphic file (type png)
 <use images/em5.png>
Package pdftex.def Info: images/em5.png used on input line 120.
(pdftex.def)             Requested size: 170.71652pt x 128.66644pt.

<images/em5km.png, id=33, 586.8324pt x 442.2924pt>
File: images/em5km.png Graphic file (type png)
 <use images/em5km.png>
Package pdftex.def Info: images/em5km.png used on input line 121.
(pdftex.def)             Requested size: 170.71652pt x 128.66644pt.

Overfull \hbox (28.4527pt too wide) in paragraph at lines 119--121
 [][][][] 
 []

<images/km7.png, id=34, 586.8324pt x 442.2924pt>
File: images/km7.png Graphic file (type png)
 <use images/km7.png>
Package pdftex.def Info: images/km7.png used on input line 122.
(pdftex.def)             Requested size: 170.71652pt x 128.66644pt.

<images/em7.png, id=35, 586.8324pt x 442.2924pt>
File: images/em7.png Graphic file (type png)
 <use images/em7.png>
Package pdftex.def Info: images/em7.png used on input line 123.
(pdftex.def)             Requested size: 170.71652pt x 128.66644pt.

<images/em7km.png, id=36, 586.8324pt x 442.2924pt>
File: images/em7km.png Graphic file (type png)
 <use images/em7km.png>
Package pdftex.def Info: images/em7km.png used on input line 124.
(pdftex.def)             Requested size: 170.71652pt x 128.66644pt.

Overfull \hbox (28.4527pt too wide) in paragraph at lines 122--125
 [][][][] 
 []

LaTeX Font Info:    Font shape `OT1/cmtt/bx/n' in size <14.4> not available
(Font)              Font shape `OT1/cmtt/m/n' tried instead on input line 129.

Overfull \hbox (16.7006pt too wide) in paragraph at lines 131--138
\OT1/cmr/m/n/12 In Fig-ure 2[] one can see a se-lec-tion of clus-ter-ing re-sul
ts of the al-go-rithms \OT1/cmtt/m/n/12 k-means \OT1/cmr/m/n/12 and \OT1/cmtt/m
/n/12 EM-algorithm
 []

<images/5gaussiansError.png, id=37, 586.8324pt x 442.2924pt>
File: images/5gaussiansError.png Graphic file (type png)

<use images/5gaussiansError.png>
Package pdftex.def Info: images/5gaussiansError.png used on input line 143.
(pdftex.def)             Requested size: 227.62204pt x 171.55525pt.

<images/5gaussiansIterations.png, id=38, 586.8324pt x 442.2924pt>
File: images/5gaussiansIterations.png Graphic file (type png)

<use images/5gaussiansIterations.png>
Package pdftex.def Info: images/5gaussiansIterations.png used on input line 150
.
(pdftex.def)             Requested size: 227.62204pt x 171.55525pt.

<images/5gaussiansTime.png, id=39, 586.8324pt x 442.2924pt>
File: images/5gaussiansTime.png Graphic file (type png)

<use images/5gaussiansTime.png>
Package pdftex.def Info: images/5gaussiansTime.png used on input line 157.
(pdftex.def)             Requested size: 227.62204pt x 171.55525pt.
 [3] [4 <./images/km2.png> <./images/em2.png> <./images/em2km.png> <./images/km
4.png> <./images/em4.png> <./images/em4km.png> <./images/km5.png> <./images/em5
.png> <./images/em5km.png> <./images/km7.png> <./images/em7.png> <./images/em7k
m.png>] [5 <./images/5gaussiansError.png> <./images/5gaussiansIterations.png> <
./images/5gaussiansTime.png>]
<images/dendrogram5Gaussians.png, id=65, 586.8324pt x 442.2924pt>
File: images/dendrogram5Gaussians.png Graphic file (type png)

<use images/dendrogram5Gaussians.png>
Package pdftex.def Info: images/dendrogram5Gaussians.png used on input line 188
.
(pdftex.def)             Requested size: 227.62204pt x 171.55525pt.

<images/scatter2Gaussians.png, id=66, 586.8324pt x 442.2924pt>
File: images/scatter2Gaussians.png Graphic file (type png)

<use images/scatter2Gaussians.png>
Package pdftex.def Info: images/scatter2Gaussians.png used on input line 210.
(pdftex.def)             Requested size: 284.52756pt x 214.45082pt.

<images/2gKM.png, id=67, 586.8324pt x 442.2924pt>
File: images/2gKM.png Graphic file (type png)
 <use images/2gKM.png>
Package pdftex.def Info: images/2gKM.png used on input line 217.
(pdftex.def)             Requested size: 227.62204pt x 171.55525pt.

<images/2gEM.png, id=68, 586.8324pt x 442.2924pt>
File: images/2gEM.png Graphic file (type png)
 <use images/2gEM.png>
Package pdftex.def Info: images/2gEM.png used on input line 219.
(pdftex.def)             Requested size: 227.62204pt x 171.55525pt.

<images/2gEMkm.png, id=69, 586.8324pt x 442.2924pt>
File: images/2gEMkm.png Graphic file (type png)
 <use images/2gEMkm.png>
Package pdftex.def Info: images/2gEMkm.png used on input line 221.
(pdftex.def)             Requested size: 227.62204pt x 171.55525pt.

[6 <./images/dendrogram5Gaussians.png>]
<images/uspsKM.png, id=75, 586.8324pt x 442.2924pt>
File: images/uspsKM.png Graphic file (type png)
 <use images/uspsKM.png>
Package pdftex.def Info: images/uspsKM.png used on input line 248.
(pdftex.def)             Requested size: 227.62204pt x 171.55525pt.

<images/uspsEM.png, id=76, 586.8324pt x 442.2924pt>
File: images/uspsEM.png Graphic file (type png)
 <use images/uspsEM.png>
Package pdftex.def Info: images/uspsEM.png used on input line 250.
(pdftex.def)             Requested size: 227.62204pt x 171.55525pt.

<images/uspsEMkm.png, id=77, 586.8324pt x 442.2924pt>
File: images/uspsEMkm.png Graphic file (type png)

<use images/uspsEMkm.png>
Package pdftex.def Info: images/uspsEMkm.png used on input line 252.
(pdftex.def)             Requested size: 227.62204pt x 171.55525pt.

<images/uspsdendrogram.png, id=78, 586.8324pt x 442.2924pt>
File: images/uspsdendrogram.png Graphic file (type png)

<use images/uspsdendrogram.png>
Package pdftex.def Info: images/uspsdendrogram.png used on input line 270.
(pdftex.def)             Requested size: 341.43306pt x 257.33963pt.

<images/allcentroids.png, id=79, 586.8324pt x 442.2924pt>
File: images/allcentroids.png Graphic file (type png)

<use images/allcentroids.png>
Package pdftex.def Info: images/allcentroids.png used on input line 277.
(pdftex.def)             Requested size: 341.43306pt x 257.33963pt.
 [7 <./images/scatter2Gaussians.png>] [8 <./images/2gKM.png> <./images/2gEM.png
> <./images/2gEMkm.png>] [9 <./images/uspsKM.png> <./images/uspsEM.png> <./imag
es/uspsEMkm.png>] [10 <./images/uspsdendrogram.png> <./images/allcentroids.png>
]
<images/1merge.png, id=102, 586.8324pt x 442.2924pt>
File: images/1merge.png Graphic file (type png)
 <use images/1merge.png>
Package pdftex.def Info: images/1merge.png used on input line 290.
(pdftex.def)             Requested size: 170.71652pt x 128.66644pt.

<images/2merge.png, id=103, 586.8324pt x 442.2924pt>
File: images/2merge.png Graphic file (type png)
 <use images/2merge.png>
Package pdftex.def Info: images/2merge.png used on input line 291.
(pdftex.def)             Requested size: 170.71652pt x 128.66644pt.

<images/3merge.png, id=104, 586.8324pt x 442.2924pt>
File: images/3merge.png Graphic file (type png)
 <use images/3merge.png>
Package pdftex.def Info: images/3merge.png used on input line 292.
(pdftex.def)             Requested size: 170.71652pt x 128.66644pt.

Overfull \hbox (28.4527pt too wide) in paragraph at lines 290--293
 [][][][] 
 []

<images/4merge.png, id=105, 586.8324pt x 442.2924pt>
File: images/4merge.png Graphic file (type png)
 <use images/4merge.png>
Package pdftex.def Info: images/4merge.png used on input line 294.
(pdftex.def)             Requested size: 170.71652pt x 128.66644pt.

<images/5merge.png, id=106, 586.8324pt x 442.2924pt>
File: images/5merge.png Graphic file (type png)
 <use images/5merge.png>
Package pdftex.def Info: images/5merge.png used on input line 295.
(pdftex.def)             Requested size: 170.71652pt x 128.66644pt.

<images/6merge.png, id=107, 586.8324pt x 442.2924pt>
File: images/6merge.png Graphic file (type png)
 <use images/6merge.png>
Package pdftex.def Info: images/6merge.png used on input line 296.
(pdftex.def)             Requested size: 170.71652pt x 128.66644pt.

Overfull \hbox (28.4527pt too wide) in paragraph at lines 294--297
 [][][][] 
 []

<images/7merge.png, id=108, 586.8324pt x 442.2924pt>
File: images/7merge.png Graphic file (type png)
 <use images/7merge.png>
Package pdftex.def Info: images/7merge.png used on input line 298.
(pdftex.def)             Requested size: 170.71652pt x 128.66644pt.

<images/8merge.png, id=109, 586.8324pt x 442.2924pt>
File: images/8merge.png Graphic file (type png)
 <use images/8merge.png>
Package pdftex.def Info: images/8merge.png used on input line 299.
(pdftex.def)             Requested size: 170.71652pt x 128.66644pt.

<images/9merge.png, id=110, 586.8324pt x 442.2924pt>
File: images/9merge.png Graphic file (type png)
 <use images/9merge.png>
Package pdftex.def Info: images/9merge.png used on input line 300.
(pdftex.def)             Requested size: 170.71652pt x 128.66644pt.

Overfull \hbox (28.4527pt too wide) in paragraph at lines 298--301
 [][][][] 
 []

[11 <./images/1merge.png> <./images/2merge.png> <./images/3merge.png> <./images
/4merge.png> <./images/5merge.png> <./images/6merge.png> <./images/7merge.png> 
<./images/8merge.png> <./images/9merge.png>] (./report.aux)

LaTeX Warning: There were undefined references.

 ) 
Here is how much of TeX's memory you used:
 4014 strings out of 495030
 61359 string characters out of 3180762
 130526 words of memory out of 3000000
 7127 multiletter control sequences out of 15000+200000
 11320 words of font info for 43 fonts, out of 3000000 for 9000
 14 hyphenation exceptions out of 8191
 44i,9n,46p,493b,384s stack positions out of 5000i,500n,10000p,200000b,50000s
 </home/till/.texmf-var/fonts/pk/ljfour/public/bbm/bbm12.600pk></usr/share/te
xlive/texmf-dist/fonts/type1/public/amsfonts/cm/cmbx12.pfb></usr/share/texlive/
texmf-dist/fonts/type1/public/amsfonts/cm/cmex10.pfb></usr/share/texlive/texmf-
dist/fonts/type1/public/amsfonts/cm/cmmi12.pfb></usr/share/texlive/texmf-dist/f
onts/type1/public/amsfonts/cm/cmmi8.pfb></usr/share/texlive/texmf-dist/fonts/ty
pe1/public/amsfonts/cm/cmr10.pfb></usr/share/texlive/texmf-dist/fonts/type1/pub
lic/amsfonts/cm/cmr12.pfb></usr/share/texlive/texmf-dist/fonts/type1/public/ams
fonts/cm/cmr17.pfb></usr/share/texlive/texmf-dist/fonts/type1/public/amsfonts/c
m/cmr8.pfb></usr/share/texlive/texmf-dist/fonts/type1/public/amsfonts/cm/cmsy10
.pfb></usr/share/texlive/texmf-dist/fonts/type1/public/amsfonts/cm/cmti12.pfb><
/usr/share/texlive/texmf-dist/fonts/type1/public/amsfonts/cm/cmtt12.pfb>
Output written on report.pdf (12 pages, 2711726 bytes).
PDF statistics:
 163 PDF objects out of 1000 (max. 8388607)
 66 compressed objects within 1 object stream
 0 named destinations out of 1000 (max. 500000)
 176 words of extra memory for PDF output out of 10000 (max. 10000000)

